<?xml version="1.0" encoding="UTF-8"?>
<!-- Generated by org.testng.reporters.JUnitReportReporter -->
<testsuite skipped="3" hostname="ITPRO-WS02" name="com.SuretyCloud.qa.testcases.LoginPage_Test" tests="7" failures="0" timestamp="20 Apr 2022 15:41:46 GMT" time="98.392" errors="0">
  <testcase name="loginTest" time="27.501" classname="com.SuretyCloud.qa.testcases.LoginPage_Test"/>
  <testcase name="loginTest" time="23.627" classname="com.SuretyCloud.qa.testcases.LoginPage_Test"/>
  <testcase name="loginTest" time="23.926" classname="com.SuretyCloud.qa.testcases.LoginPage_Test"/>
  <testcase name="loginTest" time="23.338" classname="com.SuretyCloud.qa.testcases.LoginPage_Test"/>
  <testcase name="LogOut" classname="com.SuretyCloud.qa.testcases.LoginPage_Test">
    <skipped/>
  </testcase> <!-- LogOut -->
  <testcase name="loginPageTitleTest" classname="com.SuretyCloud.qa.testcases.LoginPage_Test">
    <skipped/>
  </testcase> <!-- loginPageTitleTest -->
  <testcase name="SCLogoTest" classname="com.SuretyCloud.qa.testcases.LoginPage_Test">
    <skipped/>
  </testcase> <!-- SCLogoTest -->
</testsuite> <!-- com.SuretyCloud.qa.testcases.LoginPage_Test -->
